<?xml version="1.0" encoding="UTF-8"?>
<!-- Generated by org.testng.reporters.JUnitReportReporter -->
<testsuite hostname="DESKTOP-8H40N5V" failures="0" tests="18" name="com.swagTest.SwagLabsTest" time="17.922" errors="0" timestamp="2024-09-23T12:16:57 IST" skipped="0">
  <testcase classname="com.swagTest.SwagLabsTest" name="launchApp" time="1.410"/>
  <testcase classname="com.swagTest.SwagLabsTest" name="launchApp" time="1.410"/>
  <testcase classname="com.swagTest.SwagLabsTest" name="launchApp" time="1.149"/>
  <testcase classname="com.swagTest.SwagLabsTest" name="Swaglogin" time="0.668"/>
  <testcase classname="com.swagTest.SwagLabsTest" name="Swaglogin" time="1.534"/>
  <testcase classname="com.swagTest.SwagLabsTest" name="Swaglogin" time="1.534"/>
  <testcase classname="com.swagTest.SwagLabsTest" name="addingProductToCartAndRemove" time="1.052"/>
  <testcase classname="com.swagTest.SwagLabsTest" name="addingProductToCartAndRemove" time="1.056"/>
  <testcase classname="com.swagTest.SwagLabsTest" name="addingProductToCartAndRemove" time="1.040"/>
  <testcase classname="com.swagTest.SwagLabsTest" name="addProductToCart" time="1.124"/>
  <testcase classname="com.swagTest.SwagLabsTest" name="addProductToCart" time="0.771"/>
  <testcase classname="com.swagTest.SwagLabsTest" name="addProductToCart" time="0.772"/>
  <testcase classname="com.swagTest.SwagLabsTest" name="checkOutTheProduct" time="1.009"/>
  <testcase classname="com.swagTest.SwagLabsTest" name="checkOutTheProduct" time="1.123"/>
  <testcase classname="com.swagTest.SwagLabsTest" name="checkOutTheProduct" time="1.139"/>
  <testcase classname="com.swagTest.SwagLabsTest" name="logOutApplication" time="0.297"/>
  <testcase classname="com.swagTest.SwagLabsTest" name="logOutApplication" time="0.316"/>
  <testcase classname="com.swagTest.SwagLabsTest" name="logOutApplication" time="0.518"/>
</testsuite> <!-- com.swagTest.SwagLabsTest -->
