<?xml version="1.0" encoding="UTF-8"?>
<!-- Generated by org.testng.reporters.JUnitReportReporter -->
<testsuite hostname="DESKTOP-8H40N5V" failures="0" tests="4" name="APIs.RestAssuredApi" time="3.558" errors="0" timestamp="2024-10-08T16:18:41 IST" skipped="0">
  <testcase classname="APIs.RestAssuredApi" name="getUser" time="2.365"/>
  <testcase classname="APIs.RestAssuredApi" name="createUser" time="0.461"/>
  <testcase classname="APIs.RestAssuredApi" name="updateUser" time="0.388"/>
  <testcase classname="APIs.RestAssuredApi" name="deleteUser" time="0.344"/>
</testsuite> <!-- APIs.RestAssuredApi -->
