<?xml version="1.0" encoding="UTF-8"?>
<!-- Generated by org.testng.reporters.JUnitReportReporter -->
<testsuite hostname="DESKTOP-8H40N5V" failures="0" tests="2" name="swagTest.firstTest" time="4.432" errors="0" timestamp="2024-09-10T14:59:13 IST" skipped="0">
  <testcase classname="swagTest.firstTest" name="launchApp" time="0.909"/>
  <testcase classname="swagTest.firstTest" name="Swaglogin" time="3.523"/>
</testsuite> <!-- swagTest.firstTest -->
