<?xml version="1.0" encoding="UTF-8"?>
<!-- Generated by org.testng.reporters.JUnitReportReporter -->
<testsuite hostname="DESKTOP-8H40N5V" failures="0" tests="18" name="com.swagTest.SwagLabsTest" time="9.130" errors="0" timestamp="2024-10-08T11:27:36 IST" skipped="0">
  <testcase classname="com.swagTest.SwagLabsTest" name="launchApp" time="0.808"/>
  <testcase classname="com.swagTest.SwagLabsTest" name="launchApp" time="0.774"/>
  <testcase classname="com.swagTest.SwagLabsTest" name="launchApp" time="1.026"/>
  <testcase classname="com.swagTest.SwagLabsTest" name="Swaglogin" time="0.581"/>
  <testcase classname="com.swagTest.SwagLabsTest" name="Swaglogin" time="0.467"/>
  <testcase classname="com.swagTest.SwagLabsTest" name="Swaglogin" time="0.278"/>
  <testcase classname="com.swagTest.SwagLabsTest" name="addingProductToCartAndRemove" time="0.268"/>
  <testcase classname="com.swagTest.SwagLabsTest" name="addingProductToCartAndRemove" time="0.334"/>
  <testcase classname="com.swagTest.SwagLabsTest" name="addingProductToCartAndRemove" time="0.934"/>
  <testcase classname="com.swagTest.SwagLabsTest" name="addProductToCart" time="0.900"/>
  <testcase classname="com.swagTest.SwagLabsTest" name="addProductToCart" time="0.300"/>
  <testcase classname="com.swagTest.SwagLabsTest" name="addProductToCart" time="0.245"/>
  <testcase classname="com.swagTest.SwagLabsTest" name="checkOutTheProduct" time="0.730"/>
  <testcase classname="com.swagTest.SwagLabsTest" name="checkOutTheProduct" time="0.365"/>
  <testcase classname="com.swagTest.SwagLabsTest" name="checkOutTheProduct" time="0.376"/>
  <testcase classname="com.swagTest.SwagLabsTest" name="logOutApplication" time="0.430"/>
  <testcase classname="com.swagTest.SwagLabsTest" name="logOutApplication" time="0.149"/>
  <testcase classname="com.swagTest.SwagLabsTest" name="logOutApplication" time="0.165"/>
</testsuite> <!-- com.swagTest.SwagLabsTest -->
