<?xml version="1.0" encoding="UTF-8"?>
<!-- Generated by org.testng.reporters.JUnitReportReporter -->
<testsuite hostname="DESKTOP-8H40N5V" failures="0" tests="2" name="com.swagTest.firstTest" time="3.840" errors="0" timestamp="2024-09-10T18:29:33 IST" skipped="0">
  <testcase classname="com.swagTest.firstTest" name="launchApp" time="0.569"/>
  <testcase classname="com.swagTest.firstTest" name="Swaglogin" time="3.271"/>
</testsuite> <!-- com.swagTest.firstTest -->
