<?xml version="1.0" encoding="UTF-8"?>
<!-- Generated by org.testng.reporters.JUnitReportReporter -->
<testsuite hostname="DESKTOP-8H40N5V" failures="0" tests="18" name="com.swagTest.SwagLabsTest" time="10.418" errors="0" timestamp="2024-09-25T18:09:08 IST" skipped="0">
  <testcase classname="com.swagTest.SwagLabsTest" name="launchApp" time="0.437"/>
  <testcase classname="com.swagTest.SwagLabsTest" name="launchApp" time="1.118"/>
  <testcase classname="com.swagTest.SwagLabsTest" name="launchApp" time="0.795"/>
  <testcase classname="com.swagTest.SwagLabsTest" name="Swaglogin" time="0.453"/>
  <testcase classname="com.swagTest.SwagLabsTest" name="Swaglogin" time="0.511"/>
  <testcase classname="com.swagTest.SwagLabsTest" name="Swaglogin" time="0.809"/>
  <testcase classname="com.swagTest.SwagLabsTest" name="addingProductToCartAndRemove" time="0.937"/>
  <testcase classname="com.swagTest.SwagLabsTest" name="addingProductToCartAndRemove" time="0.460"/>
  <testcase classname="com.swagTest.SwagLabsTest" name="addingProductToCartAndRemove" time="0.471"/>
  <testcase classname="com.swagTest.SwagLabsTest" name="addProductToCart" time="0.932"/>
  <testcase classname="com.swagTest.SwagLabsTest" name="addProductToCart" time="0.477"/>
  <testcase classname="com.swagTest.SwagLabsTest" name="addProductToCart" time="0.446"/>
  <testcase classname="com.swagTest.SwagLabsTest" name="checkOutTheProduct" time="0.523"/>
  <testcase classname="com.swagTest.SwagLabsTest" name="checkOutTheProduct" time="0.784"/>
  <testcase classname="com.swagTest.SwagLabsTest" name="checkOutTheProduct" time="0.427"/>
  <testcase classname="com.swagTest.SwagLabsTest" name="logOutApplication" time="0.208"/>
  <testcase classname="com.swagTest.SwagLabsTest" name="logOutApplication" time="0.197"/>
  <testcase classname="com.swagTest.SwagLabsTest" name="logOutApplication" time="0.433"/>
</testsuite> <!-- com.swagTest.SwagLabsTest -->
